{
  "RSpec": {
    "coverage": {
      "/home/hamstra/qwikstubs/app/controllers/application_controller.rb": [
        1,
        1,
        1,
        null,
        1,
        0,
        null,
        null,
        1,
        null,
        null
      ],
      "/home/hamstra/qwikstubs/app/helpers/application_helper.rb": [
        1,
        null
      ],
      "/home/hamstra/qwikstubs/app/helpers/login_helper.rb": [
        1,
        null
      ],
      "/home/hamstra/qwikstubs/app/helpers/sections_helper.rb": [
        1,
        null
      ],
      "/home/hamstra/qwikstubs/app/helpers/sessions_helper.rb": [
        1,
        null
      ],
      "/home/hamstra/qwikstubs/app/helpers/users_helper.rb": [
        1,
        null
      ],
      "/home/hamstra/qwikstubs/app/helpers/venues_helper.rb": [
        1,
        null
      ],
      "/home/hamstra/qwikstubs/app/controllers/sections_controller.rb": [
        1,
        1,
        0,
        null,
        null,
        1,
        0,
        0,
        0,
        null,
        0,
        0,
        null,
        null,
        null,
        1,
        0,
        null,
        null,
        null,
        1,
        0,
        null,
        null,
        null,
        1,
        null,
        null,
        null,
        1,
        null,
        null,
        null,
        1,
        null,
        null,
        null,
        null
      ],
      "/home/hamstra/qwikstubs/app/models/section.rb": [
        1,
        1,
        1,
        1,
        1,
        null,
        null,
        null,
        1,
        null,
        null,
        1,
        null,
        null,
        1,
        1,
        null,
        null
      ],
      "/home/hamstra/qwikstubs/app/controllers/sessions_controller.rb": [
        null,
        1,
        null,
        1,
        0,
        null,
        null,
        null,
        1,
        0,
        0,
        0,
        0,
        0,
        0,
        null,
        0,
        0,
        0,
        null,
        0,
        0,
        null,
        null,
        null,
        null,
        null,
        1,
        0,
        0,
        null,
        null
      ],
      "/home/hamstra/qwikstubs/app/controllers/users_controller.rb": [
        1,
        null,
        1,
        1,
        null,
        null,
        null,
        1,
        1,
        null,
        null,
        null,
        1,
        null,
        2,
        2,
        2,
        2,
        null,
        2,
        2,
        2,
        null,
        2,
        1,
        null,
        null,
        1,
        1,
        null,
        null,
        null,
        null,
        1,
        null,
        null,
        null,
        1,
        null,
        null,
        null,
        1,
        null,
        null,
        null,
        1,
        null,
        null
      ],
      "/home/hamstra/qwikstubs/app/models/user.rb": [
        1,
        null,
        1,
        1,
        null,
        1,
        null,
        1,
        1,
        1,
        null,
        1,
        1,
        1,
        null,
        null,
        1,
        1,
        null,
        null,
        1,
        1,
        null,
        null,
        null,
        null,
        null,
        null,
        null,
        null,
        null,
        null,
        null,
        null,
        null,
        null,
        null,
        null,
        null,
        null,
        null,
        null,
        1,
        null,
        1,
        12,
        12,
        12,
        null,
        null,
        null,
        1,
        1,
        null,
        null
      ],
      "/home/hamstra/qwikstubs/app/models/application_model.rb": [
        1,
        1,
        1,
        null,
        1,
        7,
        null,
        7,
        null,
        null,
        1,
        1,
        1,
        null,
        0,
        null,
        null,
        1,
        0,
        null,
        null,
        null
      ],
      "/home/hamstra/qwikstubs/app/controllers/venues_controller.rb": [
        1,
        null,
        1,
        1,
        null,
        null,
        1,
        2,
        null,
        2,
        1,
        null,
        1,
        1,
        null,
        null,
        null,
        1,
        1,
        null,
        null,
        null,
        1,
        1,
        null,
        null,
        null,
        1,
        null,
        null,
        null,
        1,
        null,
        null,
        null,
        1,
        null,
        null,
        null,
        null
      ],
      "/home/hamstra/qwikstubs/app/models/venue.rb": [
        1,
        1,
        null,
        1,
        1,
        1,
        null,
        1,
        1,
        1,
        null,
        null,
        1,
        null,
        null,
        null,
        null,
        1,
        null,
        null
      ],
      "/home/hamstra/qwikstubs/app/models/email.rb": [
        1,
        1,
        1,
        null,
        1,
        null,
        1,
        null,
        1,
        null,
        1,
        null
      ],
      "/home/hamstra/qwikstubs/app/models/membership.rb": [
        1,
        1,
        null,
        1,
        null,
        null,
        1,
        1,
        null,
        null
      ],
      "/home/hamstra/qwikstubs/app/models/promoter.rb": [
        1,
        1,
        null,
        1,
        null,
        null,
        null,
        1,
        null,
        null,
        null
      ],
      "/home/hamstra/qwikstubs/app/models/seat.rb": [
        1,
        1,
        null,
        1,
        1,
        1,
        1,
        1,
        null,
        1,
        null,
        null,
        null,
        null,
        null,
        1,
        null,
        null
      ]
    },
    "timestamp": 1363035652
  }
}
